<?xml version="1.0" encoding="UTF-8"?>
<!-- Generated by org.testng.reporters.JUnitXMLReporter -->
<testsuite hostname="DESKTOP-JKFR8EF" ignored="0" name="regressionTests" tests="14" failures="0" timestamp="05 Jul 2017 07:16:44 GMT" time="170.287" errors="0">
  <testcase name="clickHoverElementLinksTest" time="16.607" classname="com.jacksonville.tests.HomepageHoverTest"/>
  <testcase name="hoverDownArrowTest" time="0.121" classname="com.jacksonville.tests.HomepageHoverTest"/>
  <testcase name="hoverFBElementTest" time="0.135" classname="com.jacksonville.tests.HomepageHoverTest"/>
  <testcase name="click4ThLinkGetInformed" time="1.361" classname="com.jacksonville.tests.HomepageTests"/>
  <testcase name="dropdownAuthLinkTest" time="0.039" classname="com.jacksonville.tests.HomepageTests"/>
  <testcase name="getPageSourceTest" time="0.045" classname="com.jacksonville.tests.HomepageTests"/>
  <testcase name="linksCountTest" time="0.027" classname="com.jacksonville.tests.HomepageTests"/>
  <testcase name="titleAndUrlTest" time="0.027" classname="com.jacksonville.tests.HomepageTests"/>
  <testcase name="filterByAllTest" time="5.13" classname="com.jacksonville.tests.OfficeLocatorTests"/>
  <testcase name="filterByOpenYourRoundTest" time="5.281" classname="com.jacksonville.tests.OfficeLocatorTests"/>
  <testcase name="filterByWallmartTest" time="4.83" classname="com.jacksonville.tests.OfficeLocatorTests"/>
  <testcase name="getBrowserTest" time="0.001" classname="com.jacksonville.tests.PropUtilTest"/>
  <testcase name="propUtilTest" time="0.002" classname="com.jacksonville.tests.PropUtilTest"/>
  <testcase name="screenShotTest" time="1.653" classname="com.jacksonville.tests.PropUtilTest"/>
</testsuite> <!-- regressionTests -->
