<?xml version="1.0" encoding="UTF-8"?>
<!-- Generated by org.testng.reporters.JUnitXMLReporter -->
<testsuite hostname="DESKTOP-JKFR8EF" ignored="0" name="Default test" tests="3" failures="0" timestamp="06 Jul 2017 02:15:29 GMT" time="39.306" errors="0">
  <testcase name="clickHoverElementLinksTest" time="14.742" classname="com.jacksonville.tests.HomepageHoverTest"/>
  <testcase name="hoverDownArrowTest" time="0.246" classname="com.jacksonville.tests.HomepageHoverTest"/>
  <testcase name="hoverFBElementTest" time="0.221" classname="com.jacksonville.tests.HomepageHoverTest"/>
</testsuite> <!-- Default test -->
