<?xml version="1.0" encoding="UTF-8"?>
<!-- Generated by org.testng.reporters.JUnitXMLReporter -->
<testsuite hostname="DESKTOP-JKFR8EF" ignored="10" name="functionalTests" tests="4" failures="0" timestamp="06 Jul 2017 02:19:27 GMT" time="65.6" errors="0">
  <testcase name="clickHoverElementLinksTest" time="15.491" classname="com.jacksonville.tests.HomepageHoverTest"/>
  <testcase name="filterByAllTest" time="7.071" classname="com.jacksonville.tests.OfficeLocatorTests"/>
  <testcase name="filterByOpenYourRoundTest" time="6.044" classname="com.jacksonville.tests.OfficeLocatorTests"/>
  <testcase name="filterByWallmartTest" time="5.687" classname="com.jacksonville.tests.OfficeLocatorTests"/>
  <testcase name="getBrowserTest" time="0.0" classname="com.jacksonville.tests.PropUtilTest">
    <ignored/>
  </testcase> <!-- getBrowserTest -->
  <testcase name="titleAndUrlTest" time="0.0" classname="com.jacksonville.tests.HomepageTests">
    <ignored/>
  </testcase> <!-- titleAndUrlTest -->
  <testcase name="linksCountTest" time="0.0" classname="com.jacksonville.tests.HomepageTests">
    <ignored/>
  </testcase> <!-- linksCountTest -->
  <testcase name="propUtilTest" time="0.0" classname="com.jacksonville.tests.PropUtilTest">
    <ignored/>
  </testcase> <!-- propUtilTest -->
  <testcase name="hoverFBElementTest" time="0.0" classname="com.jacksonville.tests.HomepageHoverTest">
    <ignored/>
  </testcase> <!-- hoverFBElementTest -->
  <testcase name="hoverDownArrowTest" time="0.0" classname="com.jacksonville.tests.HomepageHoverTest">
    <ignored/>
  </testcase> <!-- hoverDownArrowTest -->
  <testcase name="dropdownAuthLinkTest" time="0.0" classname="com.jacksonville.tests.HomepageTests">
    <ignored/>
  </testcase> <!-- dropdownAuthLinkTest -->
  <testcase name="getPageSourceTest" time="0.0" classname="com.jacksonville.tests.HomepageTests">
    <ignored/>
  </testcase> <!-- getPageSourceTest -->
  <testcase name="screenShotTest" time="0.0" classname="com.jacksonville.tests.PropUtilTest">
    <ignored/>
  </testcase> <!-- screenShotTest -->
  <testcase name="click4ThLinkGetInformed" time="0.0" classname="com.jacksonville.tests.HomepageTests">
    <ignored/>
  </testcase> <!-- click4ThLinkGetInformed -->
</testsuite> <!-- functionalTests -->
